SF:lib/src/domain/entities/cep.dart
DA:15,1
LF:1
LH:1
end_of_record
SF:lib/src/domain/usecases/erase_cep_usecase.dart
DA:8,0
DA:10,0
DA:12,0
LF:3
LH:0
end_of_record
SF:lib/src/domain/usecases/get_all_saved_ceps_usecase.dart
DA:8,0
DA:10,0
DA:12,0
LF:3
LH:0
end_of_record
SF:lib/src/domain/usecases/get_cep_by_id_usecase.dart
DA:8,0
DA:10,0
DA:12,0
LF:3
LH:0
end_of_record
SF:lib/src/domain/usecases/get_cep_usecase.dart
DA:9,0
DA:12,0
DA:14,0
LF:3
LH:0
end_of_record
SF:lib/src/domain/usecases/save_cep_usecase.dart
DA:8,0
DA:10,0
DA:12,0
LF:3
LH:0
end_of_record
SF:lib/src/presentation/blocs/local_cep/local_cep_state.dart
DA:5,1
DA:9,1
DA:13,1
DA:17,1
DA:21,1
DA:25,1
LF:6
LH:6
end_of_record
SF:lib/src/presentation/blocs/local_cep/local_cep_cubit.dart
DA:19,1
DA:29,1
DA:30,0
DA:33,1
DA:34,1
DA:35,1
DA:36,4
DA:38,1
DA:41,1
DA:42,1
DA:43,1
DA:44,2
DA:45,2
DA:48,2
DA:49,1
DA:53,1
DA:54,1
DA:55,2
DA:56,1
DA:59,1
DA:60,1
DA:61,2
DA:62,1
DA:65,5
DA:67,0
LF:25
LH:23
end_of_record
SF:lib/src/core/resources/data_state.dart
DA:5,0
DA:12,0
DA:14,0
DA:18,0
DA:20,0
LF:5
LH:0
end_of_record
SF:lib/src/core/utils/constants.dart
DA:2,0
LF:1
LH:0
end_of_record
SF:lib/src/data/models/cep_model.dart
DA:4,0
DA:10,0
DA:12,0
DA:13,0
DA:14,0
DA:15,0
DA:16,0
DA:17,0
DA:18,0
LF:9
LH:0
end_of_record
SF:lib/src/presentation/blocs/cep_search/cep_search_state.dart
DA:8,1
DA:15,1
DA:19,1
DA:23,0
DA:25,0
DA:26,0
DA:30,0
DA:32,0
DA:33,0
DA:37,0
LF:10
LH:3
end_of_record
SF:lib/src/presentation/blocs/cep_search/cep_search_bloc.dart
DA:15,0
DA:16,0
DA:19,0
DA:20,0
DA:21,0
DA:22,0
DA:23,0
DA:24,0
DA:25,0
DA:26,0
DA:30,0
LF:11
LH:0
end_of_record
SF:lib/src/presentation/blocs/cep_search/cep_search_event.dart
DA:5,0
DA:11,0
LF:2
LH:0
end_of_record
